Dataset/Injected-Faults/OneBusAway/onebusaway-android-Defeito-1/onebusaway-android/build/intermediates/manifest_merge_blame_file/obaGoogleDebug/manifest-merger-blame-oba-google-debug-report.txt
1<?xml version="1.0" encoding="utf-8"?>
2<!--
3 Copyright (C) 2011-2022 Paul Watts (paulcwatts@gmail.com),
4     University of South Florida (sjbarbeau@gmail.com), 
5     Microsoft Corporation.
6
7     Licensed under the Apache License, Version 2.0 (the "License");
8     you may not use this file except in compliance with the License.
9     You may obtain a copy of the License at
10
11          http://www.apache.org/licenses/LICENSE-2.0
12
13     Unless required by applicable law or agreed to in writing, software
14     distributed under the License is distributed on an "AS IS" BASIS,
15     WITHOUT WARRANTIES OR CONDITIONS OF ANY KIND, either express or implied.
16     See the License for the specific language governing permissions and
17     limitations under the License.
18-->
19<manifest xmlns:android="http://schemas.android.com/apk/res/android"
20    package="com.joulespersecond.seattlebusbot"
21    android:versionCode="135"
22    android:versionName="2.11.6" >
23
24    <uses-sdk
25        android:minSdkVersion="21"
26        android:targetSdkVersion="33" />
27
28    <permission
29        android:name="com.joulespersecond.seattlebusbot.permission.TRIP_SERVICE"
29-->src/main/AndroidManifest.xml:21:13-68
30        android:description="@string/trip_service_perm_description"
30-->src/main/AndroidManifest.xml:23:13-72
31        android:label="@string/trip_service_perm_label"
31-->src/main/AndroidManifest.xml:22:13-60
32        android:protectionLevel="normal" />
32-->src/main/AndroidManifest.xml:24:13-45
33
34    <uses-permission android:name="android.permission.INTERNET" />
34-->src/main/AndroidManifest.xml:26:5-66
34-->src/main/AndroidManifest.xml:26:22-64
35    <uses-permission android:name="android.permission.ACCESS_COARSE_LOCATION" />
35-->src/main/AndroidManifest.xml:27:5-80
35-->src/main/AndroidManifest.xml:27:22-78
36    <uses-permission android:name="android.permission.ACCESS_FINE_LOCATION" />
36-->src/main/AndroidManifest.xml:28:5-78
36-->src/main/AndroidManifest.xml:28:22-76
37    <uses-permission android:name="android.permission.ACCESS_NETWORK_STATE" />
37-->src/main/AndroidManifest.xml:29:5-78
37-->src/main/AndroidManifest.xml:29:22-76
38    <uses-permission android:name="android.permission.ACCESS_BACKGROUND_LOCATION" />
38-->src/main/AndroidManifest.xml:30:5-85
38-->src/main/AndroidManifest.xml:30:22-82
39    <uses-permission android:name="android.permission.RECEIVE_BOOT_COMPLETED" />
39-->src/main/AndroidManifest.xml:31:5-81
39-->src/main/AndroidManifest.xml:31:22-78
40    <uses-permission android:name="android.permission.WAKE_LOCK" />
40-->src/main/AndroidManifest.xml:32:5-68
40-->src/main/AndroidManifest.xml:32:22-65
41    <uses-permission android:name="android.permission.VIBRATE" />
41-->src/main/AndroidManifest.xml:33:5-66
41-->src/main/AndroidManifest.xml:33:22-63
42    <uses-permission android:name="android.permission.READ_EXTERNAL_STORAGE" />
42-->src/main/AndroidManifest.xml:34:5-80
42-->src/main/AndroidManifest.xml:34:22-77
43    <uses-permission android:name="android.permission.WRITE_EXTERNAL_STORAGE" />
43-->src/main/AndroidManifest.xml:35:5-81
43-->src/main/AndroidManifest.xml:35:22-78
44    <uses-permission android:name="com.android.launcher.permission.INSTALL_SHORTCUT" />
44-->src/main/AndroidManifest.xml:36:5-88
44-->src/main/AndroidManifest.xml:36:22-85
45    <uses-permission android:name="com.joulespersecond.seattlebusbot.permission.TRIP_SERVICE" />
45-->src/main/AndroidManifest.xml:37:22-77
46    <uses-permission android:name="android.permission.FOREGROUND_SERVICE" />
46-->src/main/AndroidManifest.xml:38:5-77
46-->src/main/AndroidManifest.xml:38:22-74
47    <!-- ACTIVITY_RECOGNITION API 28 and lower -->
48    <uses-permission android:name="com.google.android.gms.permission.ACTIVITY_RECOGNITION" />
48-->src/main/AndroidManifest.xml:40:5-94
48-->src/main/AndroidManifest.xml:40:22-91
49    <!-- ACTIVITY_RECOGNITION API 29 and higher -->
50    <uses-permission android:name="android.permission.ACTIVITY_RECOGNITION" />
50-->src/main/AndroidManifest.xml:42:5-79
50-->src/main/AndroidManifest.xml:42:22-76
51    <!--
52    To enable checkBatteryOptimizations feature, also uncomment checkBatteryOptimizations() in
53    the HomeActivity's onCreate() method
54    -->
55    <!-- <uses-permission android:name="android.permission.REQUEST_IGNORE_BATTERY_OPTIMIZATIONS"/> -->
56    <!-- For reminders - SCHEDULE_EXACT_ALARM is required when targeting Android 12 or higher -->
57    <uses-permission android:name="android.permission.SCHEDULE_EXACT_ALARM" />
57-->src/main/AndroidManifest.xml:47:5-78
57-->src/main/AndroidManifest.xml:47:22-76
58
59    <uses-feature
59-->src/main/AndroidManifest.xml:351:5-353:38
60        android:glEsVersion="0x00020000"
60-->src/main/AndroidManifest.xml:352:13-45
61        android:required="true" />
61-->src/main/AndroidManifest.xml:353:13-36
62
63    <uses-permission android:name="android.permission.ACCESS_WIFI_STATE" />
63-->[com.google.android.libraries.places:places-compat:1.1.0] AndroidManifest.xml:10:5-76
63-->[com.google.android.libraries.places:places-compat:1.1.0] AndroidManifest.xml:10:22-73
64
65    <queries>
65-->[com.google.android.gms:play-services-maps:18.0.2] AndroidManifest.xml:30:5-34:15
66
67        <!-- Needs to be explicitly declared on Android R+ -->
68        <package android:name="com.google.android.apps.maps" />
68-->[com.google.android.gms:play-services-maps:18.0.2] AndroidManifest.xml:33:9-64
68-->[com.google.android.gms:play-services-maps:18.0.2] AndroidManifest.xml:33:18-61
69    </queries>
70
71    <uses-permission android:name="com.google.android.finsky.permission.BIND_GET_INSTALL_REFERRER_SERVICE" />
71-->[com.google.android.gms:play-services-measurement:21.0.0] AndroidManifest.xml:26:5-110
71-->[com.google.android.gms:play-services-measurement:21.0.0] AndroidManifest.xml:26:22-107
72    <uses-permission android:name="com.google.android.gms.permission.AD_ID" />
72-->[com.google.android.gms:play-services-measurement-api:21.0.0] AndroidManifest.xml:25:5-79
72-->[com.google.android.gms:play-services-measurement-api:21.0.0] AndroidManifest.xml:25:22-76
73
74    <application
74-->src/main/AndroidManifest.xml:49:5-349:19
75        android:name="org.onebusaway.android.app.Application"
75-->src/main/AndroidManifest.xml:51:9-62
76        android:allowBackup="false"
76-->src/main/AndroidManifest.xml:50:9-36
77        android:appComponentFactory="androidx.core.app.CoreComponentFactory"
77-->[androidx.core:core:1.7.0] AndroidManifest.xml:24:18-86
78        android:debuggable="true"
79        android:extractNativeLibs="true"
80        android:icon="@mipmap/ic_launcher"
80-->src/main/AndroidManifest.xml:52:9-43
81        android:label="@string/app_name"
81-->src/main/AndroidManifest.xml:53:9-41
82        android:networkSecurityConfig="@xml/network_security_config"
82-->src/main/AndroidManifest.xml:55:9-69
83        android:requestLegacyExternalStorage="true"
83-->src/main/AndroidManifest.xml:56:9-52
84        android:theme="@style/Theme.OneBusAway" >
84-->src/main/AndroidManifest.xml:54:9-48
85        <meta-data
85-->src/main/AndroidManifest.xml:57:9-59:72
86            android:name="android.app.default_searchable"
86-->src/main/AndroidManifest.xml:58:13-58
87            android:value="org.onebusaway.android.ui.SearchActivity" />
87-->src/main/AndroidManifest.xml:59:13-69
88
89        <activity
89-->src/main/AndroidManifest.xml:61:9-71:20
90            android:name="org.onebusaway.android.ui.SearchActivity"
90-->src/main/AndroidManifest.xml:62:13-68
91            android:exported="true"
91-->src/main/AndroidManifest.xml:64:13-36
92            android:launchMode="singleTop" >
92-->src/main/AndroidManifest.xml:63:13-43
93            <intent-filter>
93-->src/main/AndroidManifest.xml:65:13-67:29
94                <action android:name="android.intent.action.SEARCH" />
94-->src/main/AndroidManifest.xml:66:17-71
94-->src/main/AndroidManifest.xml:66:25-68
95            </intent-filter>
96
97            <meta-data
97-->src/main/AndroidManifest.xml:68:13-70:57
98                android:name="android.app.searchable"
98-->src/main/AndroidManifest.xml:69:21-58
99                android:resource="@xml/searchable" />
99-->src/main/AndroidManifest.xml:70:21-55
100        </activity>
101        <activity
101-->src/main/AndroidManifest.xml:73:9-80:20
102            android:name="org.onebusaway.android.ui.HomeActivity"
102-->src/main/AndroidManifest.xml:74:17-70
103            android:exported="true" >
103-->src/main/AndroidManifest.xml:75:13-36
104            <intent-filter>
104-->src/main/AndroidManifest.xml:76:13-79:29
105                <action android:name="android.intent.action.MAIN" />
105-->src/main/AndroidManifest.xml:77:17-68
105-->src/main/AndroidManifest.xml:77:25-66
106
107                <category android:name="android.intent.category.LAUNCHER" />
107-->src/main/AndroidManifest.xml:78:17-76
107-->src/main/AndroidManifest.xml:78:27-74
108            </intent-filter>
109        </activity>
110        <activity
110-->src/main/AndroidManifest.xml:81:9-88:20
111            android:name="org.onebusaway.android.ui.ArrivalsListActivity"
111-->src/main/AndroidManifest.xml:82:17-78
112            android:exported="true"
112-->src/main/AndroidManifest.xml:84:13-36
113            android:launchMode="singleTop" >
113-->src/main/AndroidManifest.xml:83:17-47
114            <intent-filter>
114-->src/main/AndroidManifest.xml:85:13-87:29
115                <action android:name="android.intent.action.MAIN" />
115-->src/main/AndroidManifest.xml:77:17-68
115-->src/main/AndroidManifest.xml:77:25-66
116            </intent-filter>
117        </activity>
118        <activity
118-->src/main/AndroidManifest.xml:89:9-96:20
119            android:name="com.joulespersecond.seattlebusbot.ArrivalsListActivity"
119-->src/main/AndroidManifest.xml:90:17-86
120            android:exported="true"
120-->src/main/AndroidManifest.xml:92:13-36
121            android:launchMode="singleTop" >
121-->src/main/AndroidManifest.xml:91:17-47
122            <intent-filter>
122-->src/main/AndroidManifest.xml:85:13-87:29
123                <action android:name="android.intent.action.MAIN" />
123-->src/main/AndroidManifest.xml:77:17-68
123-->src/main/AndroidManifest.xml:77:25-66
124            </intent-filter>
125        </activity>
126        <activity
126-->src/main/AndroidManifest.xml:97:9-102:20
127            android:name="org.onebusaway.android.ui.StopInfoActivity"
127-->src/main/AndroidManifest.xml:97:19-76
128            android:exported="true" >
128-->src/main/AndroidManifest.xml:98:13-36
129            <intent-filter>
129-->src/main/AndroidManifest.xml:85:13-87:29
130                <action android:name="android.intent.action.MAIN" />
130-->src/main/AndroidManifest.xml:77:17-68
130-->src/main/AndroidManifest.xml:77:25-66
131            </intent-filter>
132        </activity>
133        <activity
133-->src/main/AndroidManifest.xml:103:9-108:20
134            android:name="org.onebusaway.android.ui.RouteInfoActivity"
134-->src/main/AndroidManifest.xml:103:19-77
135            android:exported="true" >
135-->src/main/AndroidManifest.xml:104:13-36
136            <intent-filter>
136-->src/main/AndroidManifest.xml:85:13-87:29
137                <action android:name="android.intent.action.MAIN" />
137-->src/main/AndroidManifest.xml:77:17-68
137-->src/main/AndroidManifest.xml:77:25-66
138            </intent-filter>
139        </activity>
140        <activity
140-->src/main/AndroidManifest.xml:109:9-114:20
141            android:name="com.joulespersecond.seattlebusbot.RouteInfoActivity"
141-->src/main/AndroidManifest.xml:109:19-85
142            android:exported="true" >
142-->src/main/AndroidManifest.xml:110:13-36
143            <intent-filter>
143-->src/main/AndroidManifest.xml:85:13-87:29
144                <action android:name="android.intent.action.MAIN" />
144-->src/main/AndroidManifest.xml:77:17-68
144-->src/main/AndroidManifest.xml:77:25-66
145            </intent-filter>
146        </activity>
147        <activity android:name="org.onebusaway.android.ui.TripInfoActivity" />
147-->src/main/AndroidManifest.xml:115:9-78
147-->src/main/AndroidManifest.xml:115:19-76
148        <activity android:name="org.onebusaway.android.ui.MyRemindersActivity" />
148-->src/main/AndroidManifest.xml:116:9-59
148-->src/main/AndroidManifest.xml:116:19-57
149        <activity
149-->src/main/AndroidManifest.xml:117:9-122:20
150            android:name="org.onebusaway.android.ui.TripDetailsActivity"
150-->src/main/AndroidManifest.xml:117:19-79
151            android:exported="true" >
151-->src/main/AndroidManifest.xml:118:13-36
152            <intent-filter>
152-->src/main/AndroidManifest.xml:85:13-87:29
153                <action android:name="android.intent.action.MAIN" />
153-->src/main/AndroidManifest.xml:77:17-68
153-->src/main/AndroidManifest.xml:77:25-66
154            </intent-filter>
155        </activity>
156        <activity
156-->src/main/AndroidManifest.xml:124:9-132:20
157            android:name="org.onebusaway.android.ui.MyStopsActivity"
157-->src/main/AndroidManifest.xml:125:17-73
158            android:exported="true"
158-->src/main/AndroidManifest.xml:127:13-36
159            android:label="@string/stop_shortcut" >
159-->src/main/AndroidManifest.xml:126:17-54
160            <intent-filter>
160-->src/main/AndroidManifest.xml:128:13-131:29
161                <action android:name="android.intent.action.CREATE_SHORTCUT" />
161-->src/main/AndroidManifest.xml:129:17-79
161-->src/main/AndroidManifest.xml:129:25-77
162
163                <category android:name="android.intent.category.DEFAULT" />
163-->src/main/AndroidManifest.xml:130:17-75
163-->src/main/AndroidManifest.xml:130:27-73
164            </intent-filter>
165        </activity>
166        <activity
166-->src/main/AndroidManifest.xml:134:9-141:20
167            android:name="com.joulespersecond.seattlebusbot.MyStopsActivity"
167-->src/main/AndroidManifest.xml:135:17-81
168            android:exported="true"
168-->src/main/AndroidManifest.xml:137:13-36
169            android:label="@string/stop_shortcut" >
169-->src/main/AndroidManifest.xml:136:17-54
170            <intent-filter>
170-->src/main/AndroidManifest.xml:138:13-140:29
171                <action android:name="android.intent.action.CREATE_SHORTCUT" />
171-->src/main/AndroidManifest.xml:129:17-79
171-->src/main/AndroidManifest.xml:129:25-77
172            </intent-filter>
173        </activity>
174        <activity
174-->src/main/AndroidManifest.xml:142:9-150:20
175            android:name="org.onebusaway.android.ui.MyRecentStopsActivity"
175-->src/main/AndroidManifest.xml:143:17-79
176            android:exported="true"
176-->src/main/AndroidManifest.xml:145:13-36
177            android:label="@string/recent_stops_shortcut" >
177-->src/main/AndroidManifest.xml:144:17-62
178            <intent-filter>
178-->src/main/AndroidManifest.xml:128:13-131:29
179                <action android:name="android.intent.action.CREATE_SHORTCUT" />
179-->src/main/AndroidManifest.xml:129:17-79
179-->src/main/AndroidManifest.xml:129:25-77
180
181                <category android:name="android.intent.category.DEFAULT" />
181-->src/main/AndroidManifest.xml:130:17-75
181-->src/main/AndroidManifest.xml:130:27-73
182            </intent-filter>
183        </activity>
184        <activity
184-->src/main/AndroidManifest.xml:151:9-159:20
185            android:name="org.onebusaway.android.ui.MyStarredStopsActivity"
185-->src/main/AndroidManifest.xml:152:17-80
186            android:exported="true"
186-->src/main/AndroidManifest.xml:154:13-36
187            android:label="@string/starred_stops_shortcut" >
187-->src/main/AndroidManifest.xml:153:17-63
188            <intent-filter>
188-->src/main/AndroidManifest.xml:128:13-131:29
189                <action android:name="android.intent.action.CREATE_SHORTCUT" />
189-->src/main/AndroidManifest.xml:129:17-79
189-->src/main/AndroidManifest.xml:129:25-77
190
191                <category android:name="android.intent.category.DEFAULT" />
191-->src/main/AndroidManifest.xml:130:17-75
191-->src/main/AndroidManifest.xml:130:27-73
192            </intent-filter>
193        </activity>
194        <activity
194-->src/main/AndroidManifest.xml:160:9-168:20
195            android:name="org.onebusaway.android.ui.MyRoutesActivity"
195-->src/main/AndroidManifest.xml:161:17-74
196            android:exported="true"
196-->src/main/AndroidManifest.xml:163:13-36
197            android:label="@string/route_shortcut" >
197-->src/main/AndroidManifest.xml:162:17-55
198            <intent-filter>
198-->src/main/AndroidManifest.xml:128:13-131:29
199                <action android:name="android.intent.action.CREATE_SHORTCUT" />
199-->src/main/AndroidManifest.xml:129:17-79
199-->src/main/AndroidManifest.xml:129:25-77
200
201                <category android:name="android.intent.category.DEFAULT" />
201-->src/main/AndroidManifest.xml:130:17-75
201-->src/main/AndroidManifest.xml:130:27-73
202            </intent-filter>
203        </activity>
204        <activity
204-->src/main/AndroidManifest.xml:169:9-176:20
205            android:name="com.joulespersecond.seattlebusbot.MyRoutesActivity"
205-->src/main/AndroidManifest.xml:170:17-82
206            android:exported="true"
206-->src/main/AndroidManifest.xml:172:13-36
207            android:label="@string/route_shortcut" >
207-->src/main/AndroidManifest.xml:171:17-55
208            <intent-filter>
208-->src/main/AndroidManifest.xml:138:13-140:29
209                <action android:name="android.intent.action.CREATE_SHORTCUT" />
209-->src/main/AndroidManifest.xml:129:17-79
209-->src/main/AndroidManifest.xml:129:25-77
210            </intent-filter>
211        </activity>
212        <activity
212-->src/main/AndroidManifest.xml:177:9-185:20
213            android:name="org.onebusaway.android.ui.MyRecentRoutesActivity"
213-->src/main/AndroidManifest.xml:178:17-80
214            android:exported="true"
214-->src/main/AndroidManifest.xml:180:13-36
215            android:label="@string/recent_routes_shortcut" >
215-->src/main/AndroidManifest.xml:179:17-63
216            <intent-filter>
216-->src/main/AndroidManifest.xml:128:13-131:29
217                <action android:name="android.intent.action.CREATE_SHORTCUT" />
217-->src/main/AndroidManifest.xml:129:17-79
217-->src/main/AndroidManifest.xml:129:25-77
218
219                <category android:name="android.intent.category.DEFAULT" />
219-->src/main/AndroidManifest.xml:130:17-75
219-->src/main/AndroidManifest.xml:130:27-73
220            </intent-filter>
221        </activity>
222        <!-- ActionBarCompat library doesn't have an ActionBarPreferenceActivity, so define parent here -->
223        <activity
223-->src/main/AndroidManifest.xml:187:9-193:20
224            android:name="org.onebusaway.android.ui.PreferencesActivity"
224-->src/main/AndroidManifest.xml:188:17-77
225            android:parentActivityName="org.onebusaway.android.ui.HomeActivity" >
225-->src/main/AndroidManifest.xml:189:17-84
226            <meta-data
226-->src/main/AndroidManifest.xml:190:13-192:77
227                android:name="android.support.PARENT_ACTIVITY"
227-->src/main/AndroidManifest.xml:191:21-67
228                android:value="org.onebusaway.android.ui.HomeActivity" />
228-->src/main/AndroidManifest.xml:192:21-75
229        </activity>
230        <activity android:name="org.onebusaway.android.ui.RegionsActivity" />
230-->src/main/AndroidManifest.xml:194:9-77
230-->src/main/AndroidManifest.xml:194:19-75
231        <activity android:name="org.onebusaway.android.ui.AgenciesActivity" />
231-->src/main/AndroidManifest.xml:195:9-78
231-->src/main/AndroidManifest.xml:195:19-76
232        <activity android:name="org.onebusaway.android.report.ui.ReportActivity" />
232-->src/main/AndroidManifest.xml:197:9-83
232-->src/main/AndroidManifest.xml:197:19-81
233        <activity android:name="org.onebusaway.android.report.ui.InfrastructureIssueActivity" />
233-->src/main/AndroidManifest.xml:198:9-96
233-->src/main/AndroidManifest.xml:198:19-94
234        <activity
234-->src/main/AndroidManifest.xml:200:9-213:20
235            android:name="org.onebusaway.android.ui.MyRecentStopsAndRoutesActivity"
235-->src/main/AndroidManifest.xml:201:17-88
236            android:exported="true"
236-->src/main/AndroidManifest.xml:204:13-36
237            android:label="@string/my_recent_title"
237-->src/main/AndroidManifest.xml:202:17-56
238            android:parentActivityName="org.onebusaway.android.ui.HomeActivity" >
238-->src/main/AndroidManifest.xml:203:17-84
239            <intent-filter>
239-->src/main/AndroidManifest.xml:128:13-131:29
240                <action android:name="android.intent.action.CREATE_SHORTCUT" />
240-->src/main/AndroidManifest.xml:129:17-79
240-->src/main/AndroidManifest.xml:129:25-77
241
242                <category android:name="android.intent.category.DEFAULT" />
242-->src/main/AndroidManifest.xml:130:17-75
242-->src/main/AndroidManifest.xml:130:27-73
243            </intent-filter>
244            <!-- Parent activity meta-data to support 4.0 and lower -->
245            <meta-data
245-->src/main/AndroidManifest.xml:190:13-192:77
246                android:name="android.support.PARENT_ACTIVITY"
246-->src/main/AndroidManifest.xml:191:21-67
247                android:value="org.onebusaway.android.ui.HomeActivity" />
247-->src/main/AndroidManifest.xml:192:21-75
248        </activity>
249        <activity
249-->src/main/AndroidManifest.xml:214:9-228:20
250            android:name="org.onebusaway.android.ui.NightLightActivity"
250-->src/main/AndroidManifest.xml:215:17-76
251            android:exported="true"
251-->src/main/AndroidManifest.xml:219:13-36
252            android:label="@string/stop_info_option_night_light"
252-->src/main/AndroidManifest.xml:216:17-69
253            android:parentActivityName="org.onebusaway.android.ui.HomeActivity"
253-->src/main/AndroidManifest.xml:217:17-84
254            android:screenOrientation="portrait" >
254-->src/main/AndroidManifest.xml:218:17-53
255            <intent-filter>
255-->src/main/AndroidManifest.xml:128:13-131:29
256                <action android:name="android.intent.action.CREATE_SHORTCUT" />
256-->src/main/AndroidManifest.xml:129:17-79
256-->src/main/AndroidManifest.xml:129:25-77
257
258                <category android:name="android.intent.category.DEFAULT" />
258-->src/main/AndroidManifest.xml:130:17-75
258-->src/main/AndroidManifest.xml:130:27-73
259            </intent-filter>
260            <!-- Parent activity meta-data to support 4.0 and lower -->
261            <meta-data
261-->src/main/AndroidManifest.xml:190:13-192:77
262                android:name="android.support.PARENT_ACTIVITY"
262-->src/main/AndroidManifest.xml:191:21-67
263                android:value="org.onebusaway.android.ui.HomeActivity" />
263-->src/main/AndroidManifest.xml:192:21-75
264        </activity>
265        <activity
265-->src/main/AndroidManifest.xml:229:9-236:20
266            android:name="org.onebusaway.android.ui.TripPlanActivity"
266-->src/main/AndroidManifest.xml:230:17-74
267            android:label="@string/title_activity_trip_plan"
267-->src/main/AndroidManifest.xml:231:17-65
268            android:parentActivityName="org.onebusaway.android.ui.HomeActivity" >
268-->src/main/AndroidManifest.xml:232:17-84
269            <meta-data
269-->src/main/AndroidManifest.xml:190:13-192:77
270                android:name="android.support.PARENT_ACTIVITY"
270-->src/main/AndroidManifest.xml:191:21-67
271                android:value="org.onebusaway.android.ui.HomeActivity" />
271-->src/main/AndroidManifest.xml:192:21-75
272        </activity>
273        <activity
273-->src/main/AndroidManifest.xml:237:9-245:20
274            android:name="org.onebusaway.android.ui.FeedbackActivity"
274-->src/main/AndroidManifest.xml:238:13-70
275            android:label="@string/feedback_notify_title"
275-->src/main/AndroidManifest.xml:239:13-58
276            android:noHistory="true"
276-->src/main/AndroidManifest.xml:240:13-37
277            android:parentActivityName="org.onebusaway.android.ui.HomeActivity" >
277-->src/main/AndroidManifest.xml:241:13-80
278            <meta-data
278-->src/main/AndroidManifest.xml:190:13-192:77
279                android:name="android.support.PARENT_ACTIVITY"
279-->src/main/AndroidManifest.xml:191:21-67
280                android:value="org.onebusaway.android.ui.HomeActivity" />
280-->src/main/AndroidManifest.xml:192:21-75
281        </activity>
282
283        <!-- Provider is defined in build.gradle flavors -->
284        <provider
285            android:name="org.onebusaway.android.provider.ObaProvider"
285-->src/main/AndroidManifest.xml:250:17-75
286            android:authorities="com.joulespersecond.oba" />
286-->src/main/AndroidManifest.xml:251:17-59
287
288        <service
289            android:name="org.onebusaway.android.tripservice.TripService"
289-->src/main/AndroidManifest.xml:254:17-56
290            android:exported="true"
290-->src/main/AndroidManifest.xml:256:13-36
291            android:permission="com.joulespersecond.seattlebusbot.permission.TRIP_SERVICE" >
291-->src/main/AndroidManifest.xml:255:17-78
292            <intent-filter>
292-->src/main/AndroidManifest.xml:257:13-260:29
293                <action android:name="com.joulespersecond.seattlebusbot.AlarmReceiver" />
293-->src/main/AndroidManifest.xml:258:25-70
294                <action android:name="com.joulespersecond.seattlebusbot.BootstrapService" />
294-->src/main/AndroidManifest.xml:259:25-73
295            </intent-filter>
296        </service>
297        <service android:name="org.onebusaway.android.directions.realtime.RealtimeService" >
297-->src/main/AndroidManifest.xml:263:9-265:19
297-->src/main/AndroidManifest.xml:264:17-68
298        </service>
299        <service
299-->src/main/AndroidManifest.xml:267:9-269:56
300            android:name="org.onebusaway.android.nav.NavigationService"
300-->src/main/AndroidManifest.xml:268:13-50
301            android:foregroundServiceType="location" />
301-->src/main/AndroidManifest.xml:269:13-53
302
303        <receiver
303-->src/main/AndroidManifest.xml:271:9-278:20
304            android:name="org.onebusaway.android.tripservice.AlarmReceiver"
304-->src/main/AndroidManifest.xml:271:19-60
305            android:exported="true" >
305-->src/main/AndroidManifest.xml:272:13-36
306            <intent-filter>
306-->src/main/AndroidManifest.xml:273:13-277:29
307
308                <!-- Should match constants for actions defined in TripService -->
309                <action android:name="com.joulespersecond.seattlebusbot.action.SCHEDULE" />
309-->src/main/AndroidManifest.xml:275:25-72
310                <action android:name="com.joulespersecond.seattlebusbot.action.POLL" />
310-->src/main/AndroidManifest.xml:276:25-68
311            </intent-filter>
312        </receiver>
313        <receiver
313-->src/main/AndroidManifest.xml:279:9-287:20
314            android:name="org.onebusaway.android.tripservice.BootstrapService"
314-->src/main/AndroidManifest.xml:279:19-63
315            android:exported="true" >
315-->src/main/AndroidManifest.xml:280:13-36
316            <intent-filter>
316-->src/main/AndroidManifest.xml:281:13-286:29
317                <action android:name="android.intent.action.BOOT_COMPLETED" />
317-->src/main/AndroidManifest.xml:282:17-78
317-->src/main/AndroidManifest.xml:282:25-76
318                <action android:name="android.intent.action.QUICKBOOT_POWERON" />
318-->src/main/AndroidManifest.xml:283:17-82
318-->src/main/AndroidManifest.xml:283:25-79
319                <action android:name="com.htc.intent.action.QUICKBOOT_POWERON" />
319-->src/main/AndroidManifest.xml:284:17-82
319-->src/main/AndroidManifest.xml:284:25-79
320                <action android:name="android.intent.action.TIMEZONE_CHANGED" />
320-->src/main/AndroidManifest.xml:285:17-80
320-->src/main/AndroidManifest.xml:285:25-78
321            </intent-filter>
322        </receiver>
323        <!-- Legacy Receiver for backwards-compatibility support with v1.x - See Issue #558 -->
324        <receiver
324-->src/main/AndroidManifest.xml:289:9-296:20
325            android:name="com.joulespersecond.seattlebusbot.AlarmReceiver"
325-->src/main/AndroidManifest.xml:289:19-81
326            android:exported="true" >
326-->src/main/AndroidManifest.xml:290:13-36
327            <intent-filter>
327-->src/main/AndroidManifest.xml:273:13-277:29
328
329                <!-- Should match constants for actions defined in TripService -->
330                <action android:name="com.joulespersecond.seattlebusbot.action.SCHEDULE" />
330-->src/main/AndroidManifest.xml:275:25-72
331                <action android:name="com.joulespersecond.seattlebusbot.action.POLL" />
331-->src/main/AndroidManifest.xml:276:25-68
332            </intent-filter>
333        </receiver>
334        <receiver
334-->src/main/AndroidManifest.xml:297:9-304:20
335            android:name="org.onebusaway.android.nav.NavigationReceiver"
335-->src/main/AndroidManifest.xml:298:13-51
336            android:enabled="true"
336-->src/main/AndroidManifest.xml:299:13-35
337            android:exported="true" >
337-->src/main/AndroidManifest.xml:300:13-36
338            <intent-filter>
338-->src/main/AndroidManifest.xml:301:13-303:29
339                <action android:name=".nav.NavigationReceiver" />
340            </intent-filter>
341        </receiver>
342        <receiver
342-->src/main/AndroidManifest.xml:305:9-308:20
343            android:name="org.onebusaway.android.nav.FeedbackReceiver"
343-->src/main/AndroidManifest.xml:306:13-49
344            android:enabled="true" >
344-->src/main/AndroidManifest.xml:307:13-35
345        </receiver>
346        <receiver
346-->src/main/AndroidManifest.xml:310:9-317:20
347            android:name="org.onebusaway.android.directions.realtime.RealtimeWakefulReceiver"
347-->src/main/AndroidManifest.xml:310:19-78